16:06:51 com_github_zykrah_kicad-kle-placer.kle_placer_action 497: Plugin executed with python version: '3.11.6 (main, Oct  8 2023, 05:06:43) [GCC 13.2.0]'
16:07:03 com_github_zykrah_kicad-kle-placer.kle_placer_action 512: User layout: Keyboard(meta=KeyboardMetadata(backcolor='#eeeeee', name='', author='', notes='', background=None, radii='', switchMount='', switchBrand='', switchType='', plate=False, pcb=False), keys=[Key(color='#cccccc', labels=['', '', '', '', '', '', '', '', '', '', '', ''], text_color=[None, None, None, None, None, None, None, None, None, None, None, None], text_size=[None, None, None, None, None, None, None, None, None, None, None, None], default=KeyDefault(text_color='#000000', text_size=3), x=0.0, y=0.0, width=1.0, height=1.0, x2=0.0, y2=0.0, width2=1.0, height2=1.0, rotation_x=0.0, rotation_y=0.0, rotation_angle=0.0, decal=False, ghost=False, stepped=False, nub=False, profile='', sm='', sb='', st=''), Key(color='#cccccc', labels=['', '', '', '', '', '', '', '', '', '', '', ''], text_color=[None, None, None, None, None, None, None, None, None, None, None, None], text_size=[None, None, None, None, None, None, None, None, None, None, None, None], default=KeyDefault(text_color='#000000', text_size=3), x=1.0, y=0.0, width=1, height=1, x2=0, y2=0, width2=1, height2=1, rotation_x=0.0, rotation_y=0.0, rotation_angle=0.0, decal=False, ghost=False, stepped=False, nub=False, profile='', sm='', sb='', st=''), Key(color='#cccccc', labels=['', '', '', '', '', '', '', '', '', '', '', ''], text_color=[None, None, None, None, None, None, None, None, None, None, None, None], text_size=[None, None, None, None, None, None, None, None, None, None, None, None], default=KeyDefault(text_color='#000000', text_size=3), x=2.0, y=0.0, width=1, height=1, x2=0, y2=0, width2=1, height2=1, rotation_x=0.0, rotation_y=0.0, rotation_angle=0.0, decal=False, ghost=False, stepped=False, nub=False, profile='', sm='', sb='', st=''), Key(color='#cccccc', labels=['', '', '', '', '', '', '', '', '', '', '', ''], text_color=[None, None, None, None, None, None, None, None, None, None, None, None], text_size=[None, None, None, None, None, None, None, None, None, None, None, None], default=KeyDefault(text_color='#000000', text_size=3), x=3.0, y=0.0, width=1, height=1, x2=0, y2=0, width2=1, height2=1, rotation_x=0.0, rotation_y=0.0, rotation_angle=0.0, decal=False, ghost=False, stepped=False, nub=False, profile='', sm='', sb='', st=''), Key(color='#cccccc', labels=['', '', '', '', '', '', '', '', '', '', '', ''], text_color=[None, None, None, None, None, None, None, None, None, None, None, None], text_size=[None, None, None, None, None, None, None, None, None, None, None, None], default=KeyDefault(text_color='#000000', text_size=3), x=4.0, y=0.0, width=1.5, height=1, x2=0, y2=0, width2=1.5, height2=1, rotation_x=0.0, rotation_y=0.0, rotation_angle=0.0, decal=False, ghost=False, stepped=False, nub=False, profile='', sm='', sb='', st=''), Key(color='#cccccc', labels=['', '', '', '', '', '', '', '', '', '', '', ''], text_color=[None, None, None, None, None, None, None, None, None, None, None, None], text_size=[None, None, None, None, None, None, None, None, None, None, None, None], default=KeyDefault(text_color='#000000', text_size=3), x=0.0, y=1.0, width=1.25, height=1, x2=0, y2=0, width2=1.25, height2=1, rotation_x=0.0, rotation_y=0.0, rotation_angle=0.0, decal=False, ghost=False, stepped=False, nub=False, profile='', sm='', sb='', st=''), Key(color='#cccccc', labels=['', '', '', '', '', '', '', '', '', '', '', ''], text_color=[None, None, None, None, None, None, None, None, None, None, None, None], text_size=[None, None, None, None, None, None, None, None, None, None, None, None], default=KeyDefault(text_color='#000000', text_size=3), x=1.25, y=1.0, width=1, height=1, x2=0, y2=0, width2=1, height2=1, rotation_x=0.0, rotation_y=0.0, rotation_angle=0.0, decal=False, ghost=False, stepped=False, nub=False, profile='', sm='', sb='', st=''), Key(color='#cccccc', labels=['', '', '', '', '', '', '', '', '', '', '', ''], text_color=[None, None, None, None, None, None, None, None, None, None, None, None], text_size=[None, None, None, None, None, None, None, None, None, None, None, None], default=KeyDefault(text_color='#000000', text_size=3), x=2.25, y=1.0, width=1, height=1, x2=0, y2=0, width2=1, height2=1, rotation_x=0.0, rotation_y=0.0, rotation_angle=0.0, decal=False, ghost=False, stepped=False, nub=False, profile='', sm='', sb='', st=''), Key(color='#cccccc', labels=['', '', '', '', '', '', '', '', '', '', '', ''], text_color=[None, None, None, None, None, None, None, None, None, None, None, None], text_size=[None, None, None, None, None, None, None, None, None, None, None, None], default=KeyDefault(text_color='#000000', text_size=3), x=3.25, y=1.0, width=1, height=1, x2=0, y2=0, width2=1, height2=1, rotation_x=0.0, rotation_y=0.0, rotation_angle=0.0, decal=False, ghost=False, stepped=False, nub=False, profile='', sm='', sb='', st=''), Key(color='#cccccc', labels=['', '', '', '', '', '', '', '', '', '', '', ''], text_color=[None, None, None, None, None, None, None, None, None, None, None, None], text_size=[None, None, None, None, None, None, None, None, None, None, None, None], default=KeyDefault(text_color='#000000', text_size=3), x=4.5, y=1.0, width=1.25, height=2, x2=-0.25, y2=0, width2=1.5, height2=1, rotation_x=0.0, rotation_y=0.0, rotation_angle=0.0, decal=False, ghost=False, stepped=False, nub=False, profile='', sm='', sb='', st=''), Key(color='#cccccc', labels=['', '', '', '', '', '', '', '', '', '', '', ''], text_color=[None, None, None, None, None, None, None, None, None, None, None, None], text_size=[None, None, None, None, None, None, None, None, None, None, None, None], default=KeyDefault(text_color='#000000', text_size=3), x=0.0, y=2.0, width=1, height=1, x2=0, y2=0, width2=1, height2=1, rotation_x=0.0, rotation_y=0.0, rotation_angle=0.0, decal=False, ghost=False, stepped=False, nub=False, profile='', sm='', sb='', st=''), Key(color='#cccccc', labels=['', '', '', '', '', '', '', '', '', '', '', ''], text_color=[None, None, None, None, None, None, None, None, None, None, None, None], text_size=[None, None, None, None, None, None, None, None, None, None, None, None], default=KeyDefault(text_color='#000000', text_size=3), x=1.0, y=2.0, width=1.5, height=1, x2=0, y2=0, width2=1.5, height2=1, rotation_x=0.0, rotation_y=0.0, rotation_angle=0.0, decal=False, ghost=False, stepped=False, nub=False, profile='', sm='', sb='', st=''), Key(color='#cccccc', labels=['', '', '', '', '', '', '', '', '', '', '', ''], text_color=[None, None, None, None, None, None, None, None, None, None, None, None], text_size=[None, None, None, None, None, None, None, None, None, None, None, None], default=KeyDefault(text_color='#000000', text_size=3), x=2.5, y=2.0, width=1, height=1, x2=0, y2=0, width2=1, height2=1, rotation_x=0.0, rotation_y=0.0, rotation_angle=0.0, decal=False, ghost=False, stepped=False, nub=False, profile='', sm='', sb='', st=''), Key(color='#cccccc', labels=['', '', '', '', '', '', '', '', '', '', '', ''], text_color=[None, None, None, None, None, None, None, None, None, None, None, None], text_size=[None, None, None, None, None, None, None, None, None, None, None, None], default=KeyDefault(text_color='#000000', text_size=3), x=3.5, y=2.0, width=1, height=1, x2=0, y2=0, width2=1, height2=1, rotation_x=0.0, rotation_y=0.0, rotation_angle=0.0, decal=False, ghost=False, stepped=False, nub=False, profile='', sm='', sb='', st='')])
16:07:03 com_github_zykrah_kicad-kle-placer.kle_placer_action 181: [Key(color='#cccccc', labels=['', '', '', '', '', '', '', '', '', '', '', ''], text_color=[None, None, None, None, None, None, None, None, None, None, None, None], text_size=[None, None, None, None, None, None, None, None, None, None, None, None], default=KeyDefault(text_color='#000000', text_size=3), x=0.0, y=0.0, width=1.0, height=1.0, x2=0.0, y2=0.0, width2=1.0, height2=1.0, rotation_x=0.0, rotation_y=0.0, rotation_angle=0.0, decal=False, ghost=False, stepped=False, nub=False, profile='', sm='', sb='', st=''), Key(color='#cccccc', labels=['', '', '', '', '', '', '', '', '', '', '', ''], text_color=[None, None, None, None, None, None, None, None, None, None, None, None], text_size=[None, None, None, None, None, None, None, None, None, None, None, None], default=KeyDefault(text_color='#000000', text_size=3), x=1.0, y=0.0, width=1, height=1, x2=0, y2=0, width2=1, height2=1, rotation_x=0.0, rotation_y=0.0, rotation_angle=0.0, decal=False, ghost=False, stepped=False, nub=False, profile='', sm='', sb='', st=''), Key(color='#cccccc', labels=['', '', '', '', '', '', '', '', '', '', '', ''], text_color=[None, None, None, None, None, None, None, None, None, None, None, None], text_size=[None, None, None, None, None, None, None, None, None, None, None, None], default=KeyDefault(text_color='#000000', text_size=3), x=2.0, y=0.0, width=1, height=1, x2=0, y2=0, width2=1, height2=1, rotation_x=0.0, rotation_y=0.0, rotation_angle=0.0, decal=False, ghost=False, stepped=False, nub=False, profile='', sm='', sb='', st=''), Key(color='#cccccc', labels=['', '', '', '', '', '', '', '', '', '', '', ''], text_color=[None, None, None, None, None, None, None, None, None, None, None, None], text_size=[None, None, None, None, None, None, None, None, None, None, None, None], default=KeyDefault(text_color='#000000', text_size=3), x=3.0, y=0.0, width=1, height=1, x2=0, y2=0, width2=1, height2=1, rotation_x=0.0, rotation_y=0.0, rotation_angle=0.0, decal=False, ghost=False, stepped=False, nub=False, profile='', sm='', sb='', st=''), Key(color='#cccccc', labels=['', '', '', '', '', '', '', '', '', '', '', ''], text_color=[None, None, None, None, None, None, None, None, None, None, None, None], text_size=[None, None, None, None, None, None, None, None, None, None, None, None], default=KeyDefault(text_color='#000000', text_size=3), x=4.0, y=0.0, width=1.5, height=1, x2=0, y2=0, width2=1.5, height2=1, rotation_x=0.0, rotation_y=0.0, rotation_angle=0.0, decal=False, ghost=False, stepped=False, nub=False, profile='', sm='', sb='', st=''), Key(color='#cccccc', labels=['', '', '', '', '', '', '', '', '', '', '', ''], text_color=[None, None, None, None, None, None, None, None, None, None, None, None], text_size=[None, None, None, None, None, None, None, None, None, None, None, None], default=KeyDefault(text_color='#000000', text_size=3), x=0.0, y=1.0, width=1.25, height=1, x2=0, y2=0, width2=1.25, height2=1, rotation_x=0.0, rotation_y=0.0, rotation_angle=0.0, decal=False, ghost=False, stepped=False, nub=False, profile='', sm='', sb='', st=''), Key(color='#cccccc', labels=['', '', '', '', '', '', '', '', '', '', '', ''], text_color=[None, None, None, None, None, None, None, None, None, None, None, None], text_size=[None, None, None, None, None, None, None, None, None, None, None, None], default=KeyDefault(text_color='#000000', text_size=3), x=1.25, y=1.0, width=1, height=1, x2=0, y2=0, width2=1, height2=1, rotation_x=0.0, rotation_y=0.0, rotation_angle=0.0, decal=False, ghost=False, stepped=False, nub=False, profile='', sm='', sb='', st=''), Key(color='#cccccc', labels=['', '', '', '', '', '', '', '', '', '', '', ''], text_color=[None, None, None, None, None, None, None, None, None, None, None, None], text_size=[None, None, None, None, None, None, None, None, None, None, None, None], default=KeyDefault(text_color='#000000', text_size=3), x=2.25, y=1.0, width=1, height=1, x2=0, y2=0, width2=1, height2=1, rotation_x=0.0, rotation_y=0.0, rotation_angle=0.0, decal=False, ghost=False, stepped=False, nub=False, profile='', sm='', sb='', st=''), Key(color='#cccccc', labels=['', '', '', '', '', '', '', '', '', '', '', ''], text_color=[None, None, None, None, None, None, None, None, None, None, None, None], text_size=[None, None, None, None, None, None, None, None, None, None, None, None], default=KeyDefault(text_color='#000000', text_size=3), x=3.25, y=1.0, width=1, height=1, x2=0, y2=0, width2=1, height2=1, rotation_x=0.0, rotation_y=0.0, rotation_angle=0.0, decal=False, ghost=False, stepped=False, nub=False, profile='', sm='', sb='', st=''), Key(color='#cccccc', labels=['', '', '', '', '', '', '', '', '', '', '', ''], text_color=[None, None, None, None, None, None, None, None, None, None, None, None], text_size=[None, None, None, None, None, None, None, None, None, None, None, None], default=KeyDefault(text_color='#000000', text_size=3), x=4.5, y=1.0, width=1.25, height=2, x2=-0.25, y2=0, width2=1.5, height2=1, rotation_x=0.0, rotation_y=0.0, rotation_angle=0.0, decal=False, ghost=False, stepped=False, nub=False, profile='', sm='', sb='', st=''), Key(color='#cccccc', labels=['', '', '', '', '', '', '', '', '', '', '', ''], text_color=[None, None, None, None, None, None, None, None, None, None, None, None], text_size=[None, None, None, None, None, None, None, None, None, None, None, None], default=KeyDefault(text_color='#000000', text_size=3), x=0.0, y=2.0, width=1, height=1, x2=0, y2=0, width2=1, height2=1, rotation_x=0.0, rotation_y=0.0, rotation_angle=0.0, decal=False, ghost=False, stepped=False, nub=False, profile='', sm='', sb='', st=''), Key(color='#cccccc', labels=['', '', '', '', '', '', '', '', '', '', '', ''], text_color=[None, None, None, None, None, None, None, None, None, None, None, None], text_size=[None, None, None, None, None, None, None, None, None, None, None, None], default=KeyDefault(text_color='#000000', text_size=3), x=1.0, y=2.0, width=1.5, height=1, x2=0, y2=0, width2=1.5, height2=1, rotation_x=0.0, rotation_y=0.0, rotation_angle=0.0, decal=False, ghost=False, stepped=False, nub=False, profile='', sm='', sb='', st=''), Key(color='#cccccc', labels=['', '', '', '', '', '', '', '', '', '', '', ''], text_color=[None, None, None, None, None, None, None, None, None, None, None, None], text_size=[None, None, None, None, None, None, None, None, None, None, None, None], default=KeyDefault(text_color='#000000', text_size=3), x=2.5, y=2.0, width=1, height=1, x2=0, y2=0, width2=1, height2=1, rotation_x=0.0, rotation_y=0.0, rotation_angle=0.0, decal=False, ghost=False, stepped=False, nub=False, profile='', sm='', sb='', st=''), Key(color='#cccccc', labels=['', '', '', '', '', '', '', '', '', '', '', ''], text_color=[None, None, None, None, None, None, None, None, None, None, None, None], text_size=[None, None, None, None, None, None, None, None, None, None, None, None], default=KeyDefault(text_color='#000000', text_size=3), x=3.5, y=2.0, width=1, height=1, x2=0, y2=0, width2=1, height2=1, rotation_x=0.0, rotation_y=0.0, rotation_angle=0.0, decal=False, ghost=False, stepped=False, nub=False, profile='', sm='', sb='', st='')]
16:07:03 com_github_zykrah_kicad-kle-placer.kle_placer_action 134: Searching for MX1 footprint
16:07:03 com_github_zykrah_kicad-kle-placer.kle_placer_action 348: first_key_pos (55959375, 64293750)
16:07:03 com_github_zykrah_kicad-kle-placer.kle_placer_action 361: default_key_rotation 0.0
16:07:03 com_github_zykrah_kicad-kle-placer.kle_placer_action 134: Searching for D1 footprint
16:07:03 com_github_zykrah_kicad-kle-placer.kle_placer_action 134: Searching for D1 footprint
16:07:03 com_github_zykrah_kicad-kle-placer.kle_placer_action 134: Searching for MX1 footprint
16:07:03 com_github_zykrah_kicad-kle-placer.kle_placer_action 134: Searching for STAB1 footprint
16:07:03 com_github_zykrah_kicad-kle-placer.kle_placer_action 142: Setting MX1 footprint position: (65484375, 73818750)
16:07:03 com_github_zykrah_kicad-kle-placer.kle_placer_action 142: Setting D1 footprint position: (65484375, 78581250)
16:07:03 com_github_zykrah_kicad-kle-placer.kle_placer_action 150: Rotating D1 footprint: rotationReference: (65484375, 73818750), rotationAngle: 0
16:07:03 com_github_zykrah_kicad-kle-placer.kle_placer_action 134: Searching for D2 footprint
16:07:03 com_github_zykrah_kicad-kle-placer.kle_placer_action 134: Searching for MX2 footprint
16:07:03 com_github_zykrah_kicad-kle-placer.kle_placer_action 134: Searching for STAB2 footprint
16:07:03 com_github_zykrah_kicad-kle-placer.kle_placer_action 142: Setting MX2 footprint position: (84534375, 73818750)
16:07:03 com_github_zykrah_kicad-kle-placer.kle_placer_action 142: Setting D2 footprint position: (84534375, 78581250)
16:07:03 com_github_zykrah_kicad-kle-placer.kle_placer_action 150: Rotating D2 footprint: rotationReference: (84534375, 73818750), rotationAngle: 0
16:07:03 com_github_zykrah_kicad-kle-placer.kle_placer_action 134: Searching for D3 footprint
16:07:03 com_github_zykrah_kicad-kle-placer.kle_placer_action 134: Searching for MX3 footprint
16:07:03 com_github_zykrah_kicad-kle-placer.kle_placer_action 134: Searching for STAB3 footprint
16:07:03 com_github_zykrah_kicad-kle-placer.kle_placer_action 142: Setting MX3 footprint position: (103584375, 73818750)
16:07:03 com_github_zykrah_kicad-kle-placer.kle_placer_action 142: Setting D3 footprint position: (103584375, 78581250)
16:07:03 com_github_zykrah_kicad-kle-placer.kle_placer_action 150: Rotating D3 footprint: rotationReference: (103584375, 73818750), rotationAngle: 0
16:07:03 com_github_zykrah_kicad-kle-placer.kle_placer_action 134: Searching for D4 footprint
16:07:03 com_github_zykrah_kicad-kle-placer.kle_placer_action 134: Searching for MX4 footprint
16:07:03 com_github_zykrah_kicad-kle-placer.kle_placer_action 134: Searching for STAB4 footprint
16:07:03 com_github_zykrah_kicad-kle-placer.kle_placer_action 142: Setting MX4 footprint position: (122634375, 73818750)
16:07:03 com_github_zykrah_kicad-kle-placer.kle_placer_action 142: Setting D4 footprint position: (122634375, 78581250)
16:07:03 com_github_zykrah_kicad-kle-placer.kle_placer_action 150: Rotating D4 footprint: rotationReference: (122634375, 73818750), rotationAngle: 0
16:07:03 com_github_zykrah_kicad-kle-placer.kle_placer_action 134: Searching for D5 footprint
16:07:03 com_github_zykrah_kicad-kle-placer.kle_placer_action 134: Searching for MX5 footprint
16:07:03 com_github_zykrah_kicad-kle-placer.kle_placer_action 134: Searching for STAB5 footprint
16:07:03 com_github_zykrah_kicad-kle-placer.kle_placer_action 142: Setting MX5 footprint position: (146446875, 73818750)
16:07:03 com_github_zykrah_kicad-kle-placer.kle_placer_action 142: Setting D5 footprint position: (146446875, 78581250)
16:07:03 com_github_zykrah_kicad-kle-placer.kle_placer_action 150: Rotating D5 footprint: rotationReference: (146446875, 73818750), rotationAngle: 0
16:07:03 com_github_zykrah_kicad-kle-placer.kle_placer_action 134: Searching for D6 footprint
16:07:03 com_github_zykrah_kicad-kle-placer.kle_placer_action 134: Searching for MX6 footprint
16:07:03 com_github_zykrah_kicad-kle-placer.kle_placer_action 134: Searching for STAB6 footprint
16:07:03 com_github_zykrah_kicad-kle-placer.kle_placer_action 142: Setting MX6 footprint position: (67865625, 92868750)
16:07:03 com_github_zykrah_kicad-kle-placer.kle_placer_action 142: Setting D6 footprint position: (67865625, 97631250)
16:07:03 com_github_zykrah_kicad-kle-placer.kle_placer_action 150: Rotating D6 footprint: rotationReference: (67865625, 92868750), rotationAngle: 0
16:07:03 com_github_zykrah_kicad-kle-placer.kle_placer_action 134: Searching for D7 footprint
16:07:03 com_github_zykrah_kicad-kle-placer.kle_placer_action 134: Searching for MX7 footprint
16:07:03 com_github_zykrah_kicad-kle-placer.kle_placer_action 134: Searching for STAB7 footprint
16:07:03 com_github_zykrah_kicad-kle-placer.kle_placer_action 142: Setting MX7 footprint position: (89296875, 92868750)
16:07:03 com_github_zykrah_kicad-kle-placer.kle_placer_action 142: Setting D7 footprint position: (89296875, 97631250)
16:07:03 com_github_zykrah_kicad-kle-placer.kle_placer_action 150: Rotating D7 footprint: rotationReference: (89296875, 92868750), rotationAngle: 0
16:07:03 com_github_zykrah_kicad-kle-placer.kle_placer_action 134: Searching for D8 footprint
16:07:03 com_github_zykrah_kicad-kle-placer.kle_placer_action 134: Searching for MX8 footprint
16:07:03 com_github_zykrah_kicad-kle-placer.kle_placer_action 134: Searching for STAB8 footprint
16:07:03 com_github_zykrah_kicad-kle-placer.kle_placer_action 142: Setting MX8 footprint position: (108346875, 92868750)
16:07:03 com_github_zykrah_kicad-kle-placer.kle_placer_action 142: Setting D8 footprint position: (108346875, 97631250)
16:07:03 com_github_zykrah_kicad-kle-placer.kle_placer_action 150: Rotating D8 footprint: rotationReference: (108346875, 92868750), rotationAngle: 0
16:07:03 com_github_zykrah_kicad-kle-placer.kle_placer_action 134: Searching for D9 footprint
16:07:03 com_github_zykrah_kicad-kle-placer.kle_placer_action 134: Searching for MX9 footprint
16:07:03 com_github_zykrah_kicad-kle-placer.kle_placer_action 134: Searching for STAB9 footprint
16:07:03 com_github_zykrah_kicad-kle-placer.kle_placer_action 142: Setting MX9 footprint position: (127396875, 92868750)
16:07:03 com_github_zykrah_kicad-kle-placer.kle_placer_action 142: Setting D9 footprint position: (127396875, 97631250)
16:07:03 com_github_zykrah_kicad-kle-placer.kle_placer_action 150: Rotating D9 footprint: rotationReference: (127396875, 92868750), rotationAngle: 0
16:07:03 com_github_zykrah_kicad-kle-placer.kle_placer_action 134: Searching for D10 footprint
16:07:03 com_github_zykrah_kicad-kle-placer.kle_placer_action 134: Searching for MX10 footprint
16:07:03 com_github_zykrah_kicad-kle-placer.kle_placer_action 134: Searching for STAB10 footprint
16:07:03 com_github_zykrah_kicad-kle-placer.kle_placer_action 142: Setting MX10 footprint position: (153590625, 102393750)
16:07:03 com_github_zykrah_kicad-kle-placer.kle_placer_action 142: Setting D10 footprint position: (153590625, 107156250)
16:07:03 com_github_zykrah_kicad-kle-placer.kle_placer_action 150: Rotating D10 footprint: rotationReference: (153590625, 102393750), rotationAngle: 0
16:07:03 com_github_zykrah_kicad-kle-placer.kle_placer_action 142: Setting STAB10 footprint position: (153590625, 102393750)
16:07:03 com_github_zykrah_kicad-kle-placer.kle_placer_action 134: Searching for D11 footprint
16:07:03 com_github_zykrah_kicad-kle-placer.kle_placer_action 134: Searching for MX11 footprint
16:07:03 com_github_zykrah_kicad-kle-placer.kle_placer_action 134: Searching for STAB11 footprint
16:07:03 com_github_zykrah_kicad-kle-placer.kle_placer_action 142: Setting MX11 footprint position: (65484375, 111918750)
16:07:03 com_github_zykrah_kicad-kle-placer.kle_placer_action 142: Setting D11 footprint position: (65484375, 116681250)
16:07:03 com_github_zykrah_kicad-kle-placer.kle_placer_action 150: Rotating D11 footprint: rotationReference: (65484375, 111918750), rotationAngle: 0
16:07:03 com_github_zykrah_kicad-kle-placer.kle_placer_action 134: Searching for D12 footprint
16:07:03 com_github_zykrah_kicad-kle-placer.kle_placer_action 134: Searching for MX12 footprint
16:07:03 com_github_zykrah_kicad-kle-placer.kle_placer_action 134: Searching for STAB12 footprint
16:07:03 com_github_zykrah_kicad-kle-placer.kle_placer_action 142: Setting MX12 footprint position: (89296875, 111918750)
16:07:03 com_github_zykrah_kicad-kle-placer.kle_placer_action 142: Setting D12 footprint position: (89296875, 116681250)
16:07:03 com_github_zykrah_kicad-kle-placer.kle_placer_action 150: Rotating D12 footprint: rotationReference: (89296875, 111918750), rotationAngle: 0
16:07:03 com_github_zykrah_kicad-kle-placer.kle_placer_action 134: Searching for D13 footprint
16:07:03 com_github_zykrah_kicad-kle-placer.kle_placer_action 134: Searching for MX13 footprint
16:07:03 com_github_zykrah_kicad-kle-placer.kle_placer_action 134: Searching for STAB13 footprint
16:07:03 com_github_zykrah_kicad-kle-placer.kle_placer_action 142: Setting MX13 footprint position: (113109375, 111918750)
16:07:03 com_github_zykrah_kicad-kle-placer.kle_placer_action 142: Setting D13 footprint position: (113109375, 116681250)
16:07:03 com_github_zykrah_kicad-kle-placer.kle_placer_action 150: Rotating D13 footprint: rotationReference: (113109375, 111918750), rotationAngle: 0
16:07:03 com_github_zykrah_kicad-kle-placer.kle_placer_action 134: Searching for D14 footprint
16:07:03 com_github_zykrah_kicad-kle-placer.kle_placer_action 134: Searching for MX14 footprint
16:07:03 com_github_zykrah_kicad-kle-placer.kle_placer_action 134: Searching for STAB14 footprint
16:07:03 com_github_zykrah_kicad-kle-placer.kle_placer_action 142: Setting MX14 footprint position: (132159375, 111918750)
16:07:03 com_github_zykrah_kicad-kle-placer.kle_placer_action 142: Setting D14 footprint position: (132159375, 116681250)
16:07:03 com_github_zykrah_kicad-kle-placer.kle_placer_action 150: Rotating D14 footprint: rotationReference: (132159375, 111918750), rotationAngle: 0
